2024-08-12 00:00:26 - Starting Application using Java 18.0.2.1 with PID 8084 (D:\PERSONAL\Java\Vaadin\Vaadin-Snake-Game\target\classes started by hoang in D:\PERSONAL\Java\Vaadin\Vaadin-Snake-Game)
2024-08-12 00:00:26 - Running with Spring Boot v3.2.8, Spring v6.1.11
2024-08-12 00:00:26 - No active profile set, falling back to 1 default profile: "default"
2024-08-12 00:00:31 - Started Application in 5.534 seconds (process running for 1101.362)
2024-08-12 00:00:33 - Starting Application using Java 18.0.2.1 with PID 8084 (D:\PERSONAL\Java\Vaadin\Vaadin-Snake-Game\target\classes started by hoang in D:\PERSONAL\Java\Vaadin\Vaadin-Snake-Game)
2024-08-12 00:00:33 - Running with Spring Boot v3.2.8, Spring v6.1.11
2024-08-12 00:00:33 - No active profile set, falling back to 1 default profile: "default"
2024-08-12 00:00:38 - Started Application in 4.974 seconds (process running for 1107.934)
2024-08-12 00:02:03 - Starting Application using Java 18.0.2.1 with PID 8084 (D:\PERSONAL\Java\Vaadin\Vaadin-Snake-Game\target\classes started by hoang in D:\PERSONAL\Java\Vaadin\Vaadin-Snake-Game)
2024-08-12 00:02:03 - Running with Spring Boot v3.2.8, Spring v6.1.11
2024-08-12 00:02:03 - No active profile set, falling back to 1 default profile: "default"
2024-08-12 00:02:06 - Starting Application using Java 18.0.2.1 with PID 8084 (D:\PERSONAL\Java\Vaadin\Vaadin-Snake-Game\target\classes started by hoang in D:\PERSONAL\Java\Vaadin\Vaadin-Snake-Game)
2024-08-12 00:02:06 - Running with Spring Boot v3.2.8, Spring v6.1.11
2024-08-12 00:02:06 - No active profile set, falling back to 1 default profile: "default"
2024-08-12 00:02:13 - Started Application in 7.4 seconds (process running for 1203.107)
2024-08-12 11:03:10 - Starting Application using Java 18.0.2 with PID 7264 (F:\PERSONAL\PROJECT\Vaadin-Snake-Game\target\classes started by hoang in F:\PERSONAL\PROJECT\Vaadin-Snake-Game)
2024-08-12 11:03:10 - Running with Spring Boot v3.2.8, Spring v6.1.11
2024-08-12 11:03:10 - No active profile set, falling back to 1 default profile: "default"
2024-08-12 11:03:29 - Started Application in 20.715 seconds (process running for 22.512)
2024-08-12 11:05:54 - Starting Application using Java 18.0.2 with PID 4356 (F:\PERSONAL\PROJECT\Vaadin-Snake-Game\target\classes started by hoang in F:\PERSONAL\PROJECT\Vaadin-Snake-Game)
2024-08-12 11:05:54 - Running with Spring Boot v3.2.8, Spring v6.1.11
2024-08-12 11:05:54 - No active profile set, falling back to 1 default profile: "default"
2024-08-12 11:06:18 - Started Application in 24.771 seconds (process running for 26.373)
2024-08-12 11:15:24 - Starting Application using Java 18.0.2 with PID 556 (F:\PERSONAL\PROJECT\Vaadin-Snake-Game\target\classes started by hoang in F:\PERSONAL\PROJECT\Vaadin-Snake-Game)
2024-08-12 11:15:24 - Running with Spring Boot v3.2.8, Spring v6.1.11
2024-08-12 11:15:24 - No active profile set, falling back to 1 default profile: "default"
2024-08-12 11:15:49 - Started Application in 26.159 seconds (process running for 27.683)
2024-08-12 11:17:22 - Starting Application using Java 18.0.2 with PID 1896 (F:\PERSONAL\PROJECT\Vaadin-Snake-Game\target\classes started by hoang in F:\PERSONAL\PROJECT\Vaadin-Snake-Game)
2024-08-12 11:17:22 - Running with Spring Boot v3.2.8, Spring v6.1.11
2024-08-12 11:17:22 - No active profile set, falling back to 1 default profile: "default"
2024-08-12 11:17:49 - Started Application in 28.204 seconds (process running for 29.748)
