2024-08-12 00:00:26 - Starting Application using Java 18.0.2.1 with PID 8084 (D:\PERSONAL\Java\Vaadin\Vaadin-Snake-Game\target\classes started by hoang in D:\PERSONAL\Java\Vaadin\Vaadin-Snake-Game)
2024-08-12 00:00:26 - Running with Spring Boot v3.2.8, Spring v6.1.11
2024-08-12 00:00:26 - No active profile set, falling back to 1 default profile: "default"
2024-08-12 00:00:31 - Started Application in 5.534 seconds (process running for 1101.362)
2024-08-12 00:00:33 - Starting Application using Java 18.0.2.1 with PID 8084 (D:\PERSONAL\Java\Vaadin\Vaadin-Snake-Game\target\classes started by hoang in D:\PERSONAL\Java\Vaadin\Vaadin-Snake-Game)
2024-08-12 00:00:33 - Running with Spring Boot v3.2.8, Spring v6.1.11
2024-08-12 00:00:33 - No active profile set, falling back to 1 default profile: "default"
2024-08-12 00:00:38 - Started Application in 4.974 seconds (process running for 1107.934)
2024-08-12 00:02:03 - Starting Application using Java 18.0.2.1 with PID 8084 (D:\PERSONAL\Java\Vaadin\Vaadin-Snake-Game\target\classes started by hoang in D:\PERSONAL\Java\Vaadin\Vaadin-Snake-Game)
2024-08-12 00:02:03 - Running with Spring Boot v3.2.8, Spring v6.1.11
2024-08-12 00:02:03 - No active profile set, falling back to 1 default profile: "default"
2024-08-12 00:02:06 - Starting Application using Java 18.0.2.1 with PID 8084 (D:\PERSONAL\Java\Vaadin\Vaadin-Snake-Game\target\classes started by hoang in D:\PERSONAL\Java\Vaadin\Vaadin-Snake-Game)
2024-08-12 00:02:06 - Running with Spring Boot v3.2.8, Spring v6.1.11
2024-08-12 00:02:06 - No active profile set, falling back to 1 default profile: "default"
2024-08-12 00:02:13 - Started Application in 7.4 seconds (process running for 1203.107)
2024-08-12 11:03:10 - Starting Application using Java 18.0.2 with PID 7264 (F:\PERSONAL\PROJECT\Vaadin-Snake-Game\target\classes started by hoang in F:\PERSONAL\PROJECT\Vaadin-Snake-Game)
2024-08-12 11:03:10 - Running with Spring Boot v3.2.8, Spring v6.1.11
2024-08-12 11:03:10 - No active profile set, falling back to 1 default profile: "default"
2024-08-12 11:03:29 - Started Application in 20.715 seconds (process running for 22.512)
2024-08-12 11:05:54 - Starting Application using Java 18.0.2 with PID 4356 (F:\PERSONAL\PROJECT\Vaadin-Snake-Game\target\classes started by hoang in F:\PERSONAL\PROJECT\Vaadin-Snake-Game)
2024-08-12 11:05:54 - Running with Spring Boot v3.2.8, Spring v6.1.11
2024-08-12 11:05:54 - No active profile set, falling back to 1 default profile: "default"
2024-08-12 11:06:18 - Started Application in 24.771 seconds (process running for 26.373)
2024-08-12 11:15:24 - Starting Application using Java 18.0.2 with PID 556 (F:\PERSONAL\PROJECT\Vaadin-Snake-Game\target\classes started by hoang in F:\PERSONAL\PROJECT\Vaadin-Snake-Game)
2024-08-12 11:15:24 - Running with Spring Boot v3.2.8, Spring v6.1.11
2024-08-12 11:15:24 - No active profile set, falling back to 1 default profile: "default"
2024-08-12 11:15:49 - Started Application in 26.159 seconds (process running for 27.683)
2024-08-12 11:17:22 - Starting Application using Java 18.0.2 with PID 1896 (F:\PERSONAL\PROJECT\Vaadin-Snake-Game\target\classes started by hoang in F:\PERSONAL\PROJECT\Vaadin-Snake-Game)
2024-08-12 11:17:22 - Running with Spring Boot v3.2.8, Spring v6.1.11
2024-08-12 11:17:22 - No active profile set, falling back to 1 default profile: "default"
2024-08-12 11:17:49 - Started Application in 28.204 seconds (process running for 29.748)
2024-08-12 11:24:13 - Starting Application using Java 18.0.2 with PID 4400 (F:\PERSONAL\PROJECT\Vaadin-Snake-Game\target\classes started by hoang in F:\PERSONAL\PROJECT\Vaadin-Snake-Game)
2024-08-12 11:24:13 - Running with Spring Boot v3.2.8, Spring v6.1.11
2024-08-12 11:24:13 - No active profile set, falling back to 1 default profile: "default"
2024-08-12 11:24:34 - Started Application in 22.899 seconds (process running for 24.443)
2024-08-12 11:29:54 - Starting Application using Java 18.0.2 with PID 1896 (F:\PERSONAL\PROJECT\Vaadin-Snake-Game\target\classes started by hoang in F:\PERSONAL\PROJECT\Vaadin-Snake-Game)
2024-08-12 11:29:54 - Running with Spring Boot v3.2.8, Spring v6.1.11
2024-08-12 11:29:54 - No active profile set, falling back to 1 default profile: "default"
2024-08-12 11:30:12 - Started Application in 18.945 seconds (process running for 20.424)
2024-08-12 11:30:54 - Starting Application using Java 18.0.2 with PID 1896 (F:\PERSONAL\PROJECT\Vaadin-Snake-Game\target\classes started by hoang in F:\PERSONAL\PROJECT\Vaadin-Snake-Game)
2024-08-12 11:30:54 - Running with Spring Boot v3.2.8, Spring v6.1.11
2024-08-12 11:30:54 - No active profile set, falling back to 1 default profile: "default"
2024-08-12 11:31:04 - Started Application in 10.728 seconds (process running for 73.035)
2024-08-12 11:31:07 - Starting Application using Java 18.0.2 with PID 1896 (F:\PERSONAL\PROJECT\Vaadin-Snake-Game\target\classes started by hoang in F:\PERSONAL\PROJECT\Vaadin-Snake-Game)
2024-08-12 11:31:07 - Running with Spring Boot v3.2.8, Spring v6.1.11
2024-08-12 11:31:07 - No active profile set, falling back to 1 default profile: "default"
2024-08-12 11:31:21 - Started Application in 13.539 seconds (process running for 89.47)
2024-08-12 11:31:28 - Starting Application using Java 18.0.2 with PID 1896 (F:\PERSONAL\PROJECT\Vaadin-Snake-Game\target\classes started by hoang in F:\PERSONAL\PROJECT\Vaadin-Snake-Game)
2024-08-12 11:31:28 - Running with Spring Boot v3.2.8, Spring v6.1.11
2024-08-12 11:31:28 - No active profile set, falling back to 1 default profile: "default"
2024-08-12 11:31:39 - Started Application in 11.686 seconds (process running for 108.161)
2024-08-12 11:31:40 - Starting Application using Java 18.0.2 with PID 1896 (F:\PERSONAL\PROJECT\Vaadin-Snake-Game\target\classes started by hoang in F:\PERSONAL\PROJECT\Vaadin-Snake-Game)
2024-08-12 11:31:40 - Running with Spring Boot v3.2.8, Spring v6.1.11
2024-08-12 11:31:40 - No active profile set, falling back to 1 default profile: "default"
2024-08-12 11:31:49 - Started Application in 8.496 seconds (process running for 117.684)
2024-08-12 11:34:27 - Starting Application using Java 18.0.2 with PID 1996 (F:\PERSONAL\PROJECT\Vaadin-Snake-Game\target\classes started by hoang in F:\PERSONAL\PROJECT\Vaadin-Snake-Game)
2024-08-12 11:34:27 - Running with Spring Boot v3.2.8, Spring v6.1.11
2024-08-12 11:34:27 - No active profile set, falling back to 1 default profile: "default"
2024-08-12 11:34:47 - Started Application in 21.606 seconds (process running for 23.078)
2024-08-12 11:37:22 - Starting Application using Java 18.0.2 with PID 1996 (F:\PERSONAL\PROJECT\Vaadin-Snake-Game\target\classes started by hoang in F:\PERSONAL\PROJECT\Vaadin-Snake-Game)
2024-08-12 11:37:22 - Running with Spring Boot v3.2.8, Spring v6.1.11
2024-08-12 11:37:22 - No active profile set, falling back to 1 default profile: "default"
2024-08-12 11:37:30 - Started Application in 8.784 seconds (process running for 186.208)
2024-08-12 11:37:31 - Starting Application using Java 18.0.2 with PID 1996 (F:\PERSONAL\PROJECT\Vaadin-Snake-Game\target\classes started by hoang in F:\PERSONAL\PROJECT\Vaadin-Snake-Game)
2024-08-12 11:37:31 - Running with Spring Boot v3.2.8, Spring v6.1.11
2024-08-12 11:37:31 - No active profile set, falling back to 1 default profile: "default"
2024-08-12 11:37:39 - Starting Application using Java 18.0.2 with PID 772 (F:\PERSONAL\PROJECT\Vaadin-Snake-Game\target\classes started by hoang in F:\PERSONAL\PROJECT\Vaadin-Snake-Game)
2024-08-12 11:37:39 - Running with Spring Boot v3.2.8, Spring v6.1.11
2024-08-12 11:37:39 - No active profile set, falling back to 1 default profile: "default"
2024-08-12 11:37:48 - Started Application in 16.701 seconds (process running for 203.59)
2024-08-12 11:43:36 - Starting Application using Java 18.0.2 with PID 4500 (F:\PERSONAL\PROJECT\Vaadin-Snake-Game\target\classes started by hoang in F:\PERSONAL\PROJECT\Vaadin-Snake-Game)
2024-08-12 11:43:36 - Running with Spring Boot v3.2.8, Spring v6.1.11
2024-08-12 11:43:36 - No active profile set, falling back to 1 default profile: "default"
2024-08-12 11:43:54 - Started Application in 18.798 seconds (process running for 20.293)
2024-08-12 11:45:52 - Starting Application using Java 18.0.2 with PID 2576 (F:\PERSONAL\PROJECT\Vaadin-Snake-Game\target\classes started by hoang in F:\PERSONAL\PROJECT\Vaadin-Snake-Game)
2024-08-12 11:45:52 - Running with Spring Boot v3.2.8, Spring v6.1.11
2024-08-12 11:45:52 - No active profile set, falling back to 1 default profile: "default"
2024-08-12 11:46:14 - Started Application in 22.652 seconds (process running for 24.109)
2024-08-12 11:48:53 - Starting Application using Java 18.0.2 with PID 10168 (F:\PERSONAL\PROJECT\Vaadin-Snake-Game\target\classes started by hoang in F:\PERSONAL\PROJECT\Vaadin-Snake-Game)
2024-08-12 11:48:53 - Running with Spring Boot v3.2.8, Spring v6.1.11
2024-08-12 11:48:53 - No active profile set, falling back to 1 default profile: "default"
2024-08-12 11:49:14 - Started Application in 23.031 seconds (process running for 24.534)
2024-08-12 11:50:55 - Starting Application using Java 18.0.2 with PID 1128 (F:\PERSONAL\PROJECT\Vaadin-Snake-Game\target\classes started by hoang in F:\PERSONAL\PROJECT\Vaadin-Snake-Game)
2024-08-12 11:50:55 - Running with Spring Boot v3.2.8, Spring v6.1.11
2024-08-12 11:50:55 - No active profile set, falling back to 1 default profile: "default"
2024-08-12 11:51:16 - Started Application in 22.272 seconds (process running for 23.721)
2024-08-14 09:57:32 - Starting Application using Java 18.0.2 with PID 46464 (/media/DATA/PERSONAL/Java/PROJECT/LuuHai/Vaadin-Ecommerce-Starter/target/classes started by lcaohoanq in /media/DATA/PERSONAL/Java/PROJECT/LuuHai/Vaadin-Ecommerce-Starter)
2024-08-14 09:57:32 - Running with Spring Boot v3.2.8, Spring v6.1.11
2024-08-14 09:57:32 - No active profile set, falling back to 1 default profile: "default"
2024-08-14 09:57:42 - Started Application in 10.629 seconds (process running for 11.647)
2024-08-14 09:57:59 - Starting Application using Java 18.0.2 with PID 46464 (/media/DATA/PERSONAL/Java/PROJECT/LuuHai/Vaadin-Ecommerce-Starter/target/classes started by lcaohoanq in /media/DATA/PERSONAL/Java/PROJECT/LuuHai/Vaadin-Ecommerce-Starter)
2024-08-14 09:57:59 - Running with Spring Boot v3.2.8, Spring v6.1.11
2024-08-14 09:57:59 - No active profile set, falling back to 1 default profile: "default"
2024-08-14 09:58:05 - Started Application in 6.366 seconds (process running for 34.873)
2024-08-14 09:58:05 - Starting Application using Java 18.0.2 with PID 46464 (/media/DATA/PERSONAL/Java/PROJECT/LuuHai/Vaadin-Ecommerce-Starter/target/classes started by lcaohoanq in /media/DATA/PERSONAL/Java/PROJECT/LuuHai/Vaadin-Ecommerce-Starter)
2024-08-14 09:58:05 - Running with Spring Boot v3.2.8, Spring v6.1.11
2024-08-14 09:58:05 - No active profile set, falling back to 1 default profile: "default"
2024-08-14 09:58:10 - Started Application in 4.579 seconds (process running for 39.685)
2024-08-14 09:58:11 - Starting Application using Java 18.0.2 with PID 46464 (/media/DATA/PERSONAL/Java/PROJECT/LuuHai/Vaadin-Ecommerce-Starter/target/classes started by lcaohoanq in /media/DATA/PERSONAL/Java/PROJECT/LuuHai/Vaadin-Ecommerce-Starter)
2024-08-14 09:58:11 - Running with Spring Boot v3.2.8, Spring v6.1.11
2024-08-14 09:58:11 - No active profile set, falling back to 1 default profile: "default"
2024-08-14 09:58:16 - Started Application in 4.863 seconds (process running for 46.047)
2024-08-14 10:06:42 - Starting Application using Java 18.0.2 with PID 46464 (/media/DATA/PERSONAL/Java/PROJECT/LuuHai/Vaadin-Ecommerce-Starter/target/classes started by lcaohoanq in /media/DATA/PERSONAL/Java/PROJECT/LuuHai/Vaadin-Ecommerce-Starter)
2024-08-14 10:06:42 - Running with Spring Boot v3.2.8, Spring v6.1.11
2024-08-14 10:06:42 - No active profile set, falling back to 1 default profile: "default"
2024-08-14 10:06:46 - Started Application in 4.177 seconds (process running for 556.602)
2024-08-14 10:06:47 - Starting Application using Java 18.0.2 with PID 46464 (/media/DATA/PERSONAL/Java/PROJECT/LuuHai/Vaadin-Ecommerce-Starter/target/classes started by lcaohoanq in /media/DATA/PERSONAL/Java/PROJECT/LuuHai/Vaadin-Ecommerce-Starter)
2024-08-14 10:06:47 - Running with Spring Boot v3.2.8, Spring v6.1.11
2024-08-14 10:06:47 - No active profile set, falling back to 1 default profile: "default"
2024-08-14 10:06:51 - Started Application in 4.505 seconds (process running for 561.398)
2024-08-14 10:09:03 - Starting Application using Java 18.0.2 with PID 46464 (/media/DATA/PERSONAL/Java/PROJECT/LuuHai/Vaadin-Ecommerce-Starter/target/classes started by lcaohoanq in /media/DATA/PERSONAL/Java/PROJECT/LuuHai/Vaadin-Ecommerce-Starter)
2024-08-14 10:09:03 - Running with Spring Boot v3.2.8, Spring v6.1.11
2024-08-14 10:09:03 - No active profile set, falling back to 1 default profile: "default"
2024-08-14 10:09:08 - Started Application in 5.496 seconds (process running for 698.313)
2024-08-14 10:09:08 - Starting Application using Java 18.0.2 with PID 46464 (/media/DATA/PERSONAL/Java/PROJECT/LuuHai/Vaadin-Ecommerce-Starter/target/classes started by lcaohoanq in /media/DATA/PERSONAL/Java/PROJECT/LuuHai/Vaadin-Ecommerce-Starter)
2024-08-14 10:09:08 - Running with Spring Boot v3.2.8, Spring v6.1.11
2024-08-14 10:09:08 - No active profile set, falling back to 1 default profile: "default"
2024-08-14 10:09:12 - Started Application in 3.736 seconds (process running for 702.111)
2024-08-14 10:09:22 - Starting Application using Java 18.0.2 with PID 46464 (/media/DATA/PERSONAL/Java/PROJECT/LuuHai/Vaadin-Ecommerce-Starter/target/classes started by lcaohoanq in /media/DATA/PERSONAL/Java/PROJECT/LuuHai/Vaadin-Ecommerce-Starter)
2024-08-14 10:09:22 - Running with Spring Boot v3.2.8, Spring v6.1.11
2024-08-14 10:09:22 - No active profile set, falling back to 1 default profile: "default"
2024-08-14 10:09:27 - Started Application in 5.211 seconds (process running for 717.49)
2024-08-14 10:27:48 - Starting Application using Java 18.0.2 with PID 58402 (/media/DATA/PERSONAL/Java/PROJECT/LuuHai/Vaadin-Ecommerce-Starter/target/classes started by lcaohoanq in /media/DATA/PERSONAL/Java/PROJECT/LuuHai/Vaadin-Ecommerce-Starter)
2024-08-14 10:27:48 - Running with Spring Boot v3.2.8, Spring v6.1.11
2024-08-14 10:27:48 - No active profile set, falling back to 1 default profile: "default"
2024-08-14 10:33:00 - Starting JpaDataIntegrationTest using Java 18.0.2 with PID 60183 (started by lcaohoanq in /media/DATA/PERSONAL/Java/PROJECT/LuuHai/Vaadin-Ecommerce-Starter)
2024-08-14 10:33:00 - Running with Spring Boot v3.2.8, Spring v6.1.11
2024-08-14 10:33:00 - No active profile set, falling back to 1 default profile: "default"
2024-08-14 10:34:28 - Starting JpaDataIntegrationTest using Java 18.0.2 with PID 60977 (started by lcaohoanq in /media/DATA/PERSONAL/Java/PROJECT/LuuHai/Vaadin-Ecommerce-Starter)
2024-08-14 10:34:28 - Running with Spring Boot v3.2.8, Spring v6.1.11
2024-08-14 10:34:28 - No active profile set, falling back to 1 default profile: "default"
2024-08-14 10:37:23 - Starting JpaDataIntegrationTest using Java 18.0.2 with PID 61666 (started by lcaohoanq in /media/DATA/PERSONAL/Java/PROJECT/LuuHai/Vaadin-Ecommerce-Starter)
2024-08-14 10:37:23 - Running with Spring Boot v3.2.8, Spring v6.1.11
2024-08-14 10:37:23 - No active profile set, falling back to 1 default profile: "default"
2024-08-14 10:37:29 - Started JpaDataIntegrationTest in 6.219 seconds (process running for 7.401)
2024-08-14 10:37:29 - Starting DemoDataRunner...
2024-08-14 10:37:30 - Demo data created successfully
2024-08-14 10:38:01 - Starting Application using Java 18.0.2 with PID 61876 (/media/DATA/PERSONAL/Java/PROJECT/LuuHai/Vaadin-Ecommerce-Starter/target/classes started by lcaohoanq in /media/DATA/PERSONAL/Java/PROJECT/LuuHai/Vaadin-Ecommerce-Starter)
2024-08-14 10:38:01 - Running with Spring Boot v3.2.8, Spring v6.1.11
2024-08-14 10:38:01 - No active profile set, falling back to 1 default profile: "default"
2024-08-14 10:38:16 - Starting Application using Java 18.0.2 with PID 62135 (/media/DATA/PERSONAL/Java/PROJECT/LuuHai/Vaadin-Ecommerce-Starter/target/classes started by lcaohoanq in /media/DATA/PERSONAL/Java/PROJECT/LuuHai/Vaadin-Ecommerce-Starter)
2024-08-14 10:38:16 - Running with Spring Boot v3.2.8, Spring v6.1.11
2024-08-14 10:38:16 - No active profile set, falling back to 1 default profile: "default"
2024-08-14 10:38:26 - Started Application in 10.236 seconds (process running for 10.878)
2024-08-14 10:38:26 - Starting DemoDataRunner...
2024-08-14 10:38:27 - Demo data created successfully
2024-08-14 10:41:27 - Starting Application using Java 18.0.2 with PID 62135 (/media/DATA/PERSONAL/Java/PROJECT/LuuHai/Vaadin-Ecommerce-Starter/target/classes started by lcaohoanq in /media/DATA/PERSONAL/Java/PROJECT/LuuHai/Vaadin-Ecommerce-Starter)
2024-08-14 10:41:27 - Running with Spring Boot v3.2.8, Spring v6.1.11
2024-08-14 10:41:27 - No active profile set, falling back to 1 default profile: "default"
2024-08-14 10:45:27 - Starting Application using Java 18.0.2 with PID 67880 (/media/DATA/PERSONAL/Java/PROJECT/LuuHai/Vaadin-Ecommerce-Starter/target/classes started by lcaohoanq in /media/DATA/PERSONAL/Java/PROJECT/LuuHai/Vaadin-Ecommerce-Starter)
2024-08-14 10:45:27 - Running with Spring Boot v3.2.8, Spring v6.1.11
2024-08-14 10:45:27 - No active profile set, falling back to 1 default profile: "default"
2024-08-14 10:45:39 - Started Application in 13.72 seconds (process running for 14.758)
2024-08-14 10:45:39 - Starting DemoDataRunner...
2024-08-14 10:45:40 - Demo data created successfully
2024-08-14 10:57:42 - Starting Application using Java 18.0.2 with PID 72246 (/media/DATA/PERSONAL/Java/PROJECT/LuuHai/Vaadin-Ecommerce-Starter/target/classes started by lcaohoanq in /media/DATA/PERSONAL/Java/PROJECT/LuuHai/Vaadin-Ecommerce-Starter)
2024-08-14 10:57:42 - Running with Spring Boot v3.2.8, Spring v6.1.11
2024-08-14 10:57:42 - No active profile set, falling back to 1 default profile: "default"
2024-08-14 10:57:53 - Started Application in 11.379 seconds (process running for 12.181)
2024-08-14 10:57:53 - Starting DemoDataRunner...
2024-08-14 10:57:55 - Demo data created successfully
2024-08-14 11:01:08 - Starting Application using Java 18.0.2 with PID 72246 (/media/DATA/PERSONAL/Java/PROJECT/LuuHai/Vaadin-Ecommerce-Starter/target/classes started by lcaohoanq in /media/DATA/PERSONAL/Java/PROJECT/LuuHai/Vaadin-Ecommerce-Starter)
2024-08-14 11:01:08 - Running with Spring Boot v3.2.8, Spring v6.1.11
2024-08-14 11:01:08 - No active profile set, falling back to 1 default profile: "default"
2024-08-14 11:01:14 - Started Application in 5.604 seconds (process running for 212.883)
2024-08-14 11:01:14 - Starting DemoDataRunner...
2024-08-14 11:01:14 - Error while creating demo data
org.hibernate.exception.SQLGrammarException: JDBC exception executing SQL [select r1_0.id,r1_0.name from roles r1_0 where r1_0.name=?] [Table 'mysql_starter.roles' doesn't exist] [n/a]
	at org.hibernate.exception.internal.SQLExceptionTypeDelegate.convert(SQLExceptionTypeDelegate.java:66)
	at org.hibernate.exception.internal.StandardSQLExceptionConverter.convert(StandardSQLExceptionConverter.java:58)
	at org.hibernate.engine.jdbc.spi.SqlExceptionHelper.convert(SqlExceptionHelper.java:108)
	at org.hibernate.engine.jdbc.spi.SqlExceptionHelper.convert(SqlExceptionHelper.java:94)
	at org.hibernate.sql.results.jdbc.internal.DeferredResultSetAccess.executeQuery(DeferredResultSetAccess.java:264)
	at org.hibernate.sql.results.jdbc.internal.DeferredResultSetAccess.getResultSet(DeferredResultSetAccess.java:167)
	at org.hibernate.sql.results.jdbc.internal.JdbcValuesResultSetImpl.advanceNext(JdbcValuesResultSetImpl.java:218)
	at org.hibernate.sql.results.jdbc.internal.JdbcValuesResultSetImpl.processNext(JdbcValuesResultSetImpl.java:98)
	at org.hibernate.sql.results.jdbc.internal.AbstractJdbcValues.next(AbstractJdbcValues.java:19)
	at org.hibernate.sql.results.internal.RowProcessingStateStandardImpl.next(RowProcessingStateStandardImpl.java:66)
	at org.hibernate.sql.results.spi.ListResultsConsumer.consume(ListResultsConsumer.java:202)
	at org.hibernate.sql.results.spi.ListResultsConsumer.consume(ListResultsConsumer.java:33)
	at org.hibernate.sql.exec.internal.JdbcSelectExecutorStandardImpl.doExecuteQuery(JdbcSelectExecutorStandardImpl.java:209)
	at org.hibernate.sql.exec.internal.JdbcSelectExecutorStandardImpl.executeQuery(JdbcSelectExecutorStandardImpl.java:83)
	at org.hibernate.sql.exec.spi.JdbcSelectExecutor.list(JdbcSelectExecutor.java:76)
	at org.hibernate.sql.exec.spi.JdbcSelectExecutor.list(JdbcSelectExecutor.java:65)
	at org.hibernate.query.sqm.internal.ConcreteSqmSelectQueryPlan.lambda$new$2(ConcreteSqmSelectQueryPlan.java:137)
	at org.hibernate.query.sqm.internal.ConcreteSqmSelectQueryPlan.withCacheableSqmInterpretation(ConcreteSqmSelectQueryPlan.java:381)
	at org.hibernate.query.sqm.internal.ConcreteSqmSelectQueryPlan.performList(ConcreteSqmSelectQueryPlan.java:303)
	at org.hibernate.query.sqm.internal.QuerySqmImpl.doList(QuerySqmImpl.java:509)
	at org.hibernate.query.spi.AbstractSelectionQuery.list(AbstractSelectionQuery.java:427)
	at org.hibernate.query.spi.AbstractSelectionQuery.getSingleResult(AbstractSelectionQuery.java:564)
	at java.base/jdk.internal.reflect.DirectMethodHandleAccessor.invoke(DirectMethodHandleAccessor.java:104)
	at java.base/java.lang.reflect.Method.invoke(Method.java:577)
	at org.springframework.orm.jpa.SharedEntityManagerCreator$DeferredQueryInvocationHandler.invoke(SharedEntityManagerCreator.java:418)
	at jdk.proxy5/jdk.proxy5.$Proxy210.getSingleResult(Unknown Source)
	at org.springframework.data.jpa.repository.query.JpaQueryExecution$SingleEntityExecution.doExecute(JpaQueryExecution.java:223)
	at org.springframework.data.jpa.repository.query.JpaQueryExecution.execute(JpaQueryExecution.java:92)
	at org.springframework.data.jpa.repository.query.AbstractJpaQuery.doExecute(AbstractJpaQuery.java:149)
	at org.springframework.data.jpa.repository.query.AbstractJpaQuery.execute(AbstractJpaQuery.java:137)
	at org.springframework.data.repository.core.support.RepositoryMethodInvoker.doInvoke(RepositoryMethodInvoker.java:170)
	at org.springframework.data.repository.core.support.RepositoryMethodInvoker.invoke(RepositoryMethodInvoker.java:158)
	at org.springframework.data.repository.core.support.QueryExecutorMethodInterceptor.doInvoke(QueryExecutorMethodInterceptor.java:164)
	at org.springframework.data.repository.core.support.QueryExecutorMethodInterceptor.invoke(QueryExecutorMethodInterceptor.java:143)
	at org.springframework.aop.framework.ReflectiveMethodInvocation.proceed(ReflectiveMethodInvocation.java:184)
	at org.springframework.data.projection.DefaultMethodInvokingMethodInterceptor.invoke(DefaultMethodInvokingMethodInterceptor.java:70)
	at org.springframework.aop.framework.ReflectiveMethodInvocation.proceed(ReflectiveMethodInvocation.java:184)
	at org.springframework.transaction.interceptor.TransactionAspectSupport.invokeWithinTransaction(TransactionAspectSupport.java:379)
	at org.springframework.transaction.interceptor.TransactionInterceptor.invoke(TransactionInterceptor.java:119)
	at org.springframework.aop.framework.ReflectiveMethodInvocation.proceed(ReflectiveMethodInvocation.java:184)
	at org.springframework.dao.support.PersistenceExceptionTranslationInterceptor.invoke(PersistenceExceptionTranslationInterceptor.java:138)
	at org.springframework.aop.framework.ReflectiveMethodInvocation.proceed(ReflectiveMethodInvocation.java:184)
	at org.springframework.data.jpa.repository.support.CrudMethodMetadataPostProcessor$CrudMethodMetadataPopulatingMethodInterceptor.invoke(CrudMethodMetadataPostProcessor.java:135)
	at org.springframework.aop.framework.ReflectiveMethodInvocation.proceed(ReflectiveMethodInvocation.java:184)
	at org.springframework.aop.interceptor.ExposeInvocationInterceptor.invoke(ExposeInvocationInterceptor.java:97)
	at org.springframework.aop.framework.ReflectiveMethodInvocation.proceed(ReflectiveMethodInvocation.java:184)
	at org.springframework.aop.framework.JdkDynamicAopProxy.invoke(JdkDynamicAopProxy.java:223)
	at jdk.proxy5/jdk.proxy5.$Proxy206.findByRoleName(Unknown Source)
	at com.lcaohoanq.listener.DemoDataRunner.getOrCreateRole(DemoDataRunner.java:40)
	at com.lcaohoanq.listener.DemoDataRunner.run(DemoDataRunner.java:85)
	at org.springframework.boot.SpringApplication.lambda$callRunner$5(SpringApplication.java:790)
	at org.springframework.util.function.ThrowingConsumer$1.acceptWithException(ThrowingConsumer.java:83)
	at org.springframework.util.function.ThrowingConsumer.accept(ThrowingConsumer.java:60)
	at org.springframework.util.function.ThrowingConsumer$1.accept(ThrowingConsumer.java:88)
	at org.springframework.boot.SpringApplication.callRunner(SpringApplication.java:798)
	at org.springframework.boot.SpringApplication.callRunner(SpringApplication.java:789)
	at org.springframework.boot.SpringApplication.lambda$callRunners$3(SpringApplication.java:774)
	at java.base/java.util.stream.ForEachOps$ForEachOp$OfRef.accept(ForEachOps.java:183)
	at java.base/java.util.stream.SortedOps$SizedRefSortingSink.end(SortedOps.java:357)
	at java.base/java.util.stream.AbstractPipeline.copyInto(AbstractPipeline.java:510)
	at java.base/java.util.stream.AbstractPipeline.wrapAndCopyInto(AbstractPipeline.java:499)
	at java.base/java.util.stream.ForEachOps$ForEachOp.evaluateSequential(ForEachOps.java:150)
	at java.base/java.util.stream.ForEachOps$ForEachOp$OfRef.evaluateSequential(ForEachOps.java:173)
	at java.base/java.util.stream.AbstractPipeline.evaluate(AbstractPipeline.java:234)
	at java.base/java.util.stream.ReferencePipeline.forEach(ReferencePipeline.java:596)
	at org.springframework.boot.SpringApplication.callRunners(SpringApplication.java:774)
	at org.springframework.boot.SpringApplication.run(SpringApplication.java:342)
	at org.springframework.boot.SpringApplication.run(SpringApplication.java:1363)
	at org.springframework.boot.SpringApplication.run(SpringApplication.java:1352)
	at com.lcaohoanq.Application.main(Application.java:29)
	at java.base/jdk.internal.reflect.DirectMethodHandleAccessor.invoke(DirectMethodHandleAccessor.java:104)
	at java.base/java.lang.reflect.Method.invoke(Method.java:577)
	at org.springframework.boot.devtools.restart.RestartLauncher.run(RestartLauncher.java:50)
Caused by: java.sql.SQLSyntaxErrorException: Table 'mysql_starter.roles' doesn't exist
	at com.mysql.cj.jdbc.exceptions.SQLError.createSQLException(SQLError.java:121)
	at com.mysql.cj.jdbc.exceptions.SQLExceptionsMapping.translateException(SQLExceptionsMapping.java:122)
	at com.mysql.cj.jdbc.ClientPreparedStatement.executeInternal(ClientPreparedStatement.java:912)
	at com.mysql.cj.jdbc.ClientPreparedStatement.executeQuery(ClientPreparedStatement.java:968)
	at com.zaxxer.hikari.pool.ProxyPreparedStatement.executeQuery(ProxyPreparedStatement.java:52)
	at com.zaxxer.hikari.pool.HikariProxyPreparedStatement.executeQuery(HikariProxyPreparedStatement.java)
	at org.hibernate.sql.results.jdbc.internal.DeferredResultSetAccess.executeQuery(DeferredResultSetAccess.java:246)
	... 68 common frames omitted
2024-08-14 11:01:14 - Starting Application using Java 18.0.2 with PID 72246 (/media/DATA/PERSONAL/Java/PROJECT/LuuHai/Vaadin-Ecommerce-Starter/target/classes started by lcaohoanq in /media/DATA/PERSONAL/Java/PROJECT/LuuHai/Vaadin-Ecommerce-Starter)
2024-08-14 11:01:14 - Running with Spring Boot v3.2.8, Spring v6.1.11
2024-08-14 11:01:14 - No active profile set, falling back to 1 default profile: "default"
2024-08-14 11:01:20 - Started Application in 5.769 seconds (process running for 219.138)
2024-08-14 11:01:20 - Starting DemoDataRunner...
2024-08-14 11:01:21 - Demo data created successfully
2024-08-14 11:05:59 - Starting Application using Java 18.0.2 with PID 75284 (/media/DATA/PERSONAL/Java/PROJECT/LuuHai/Vaadin-Ecommerce-Starter/target/classes started by lcaohoanq in /media/DATA/PERSONAL/Java/PROJECT/LuuHai/Vaadin-Ecommerce-Starter)
2024-08-14 11:05:59 - Running with Spring Boot v3.2.8, Spring v6.1.11
2024-08-14 11:05:59 - No active profile set, falling back to 1 default profile: "default"
2024-08-14 11:06:10 - Started Application in 11.766 seconds (process running for 12.65)
2024-08-14 11:06:10 - Starting DemoDataRunner...
2024-08-14 11:06:11 - Demo data created successfully
2024-08-14 11:14:17 - Starting Application using Java 18.0.2 with PID 75284 (/media/DATA/PERSONAL/Java/PROJECT/LuuHai/Vaadin-Ecommerce-Starter/target/classes started by lcaohoanq in /media/DATA/PERSONAL/Java/PROJECT/LuuHai/Vaadin-Ecommerce-Starter)
2024-08-14 11:14:17 - Running with Spring Boot v3.2.8, Spring v6.1.11
2024-08-14 11:14:17 - No active profile set, falling back to 1 default profile: "default"
2024-08-14 11:14:22 - Started Application in 5.581 seconds (process running for 504.591)
2024-08-14 11:14:22 - Starting DemoDataRunner...
2024-08-14 11:14:23 - Demo data created successfully
2024-08-14 11:21:31 - Starting Application using Java 18.0.2 with PID 79764 (/media/DATA/PERSONAL/Java/PROJECT/LuuHai/Vaadin-Ecommerce-Starter/target/classes started by lcaohoanq in /media/DATA/PERSONAL/Java/PROJECT/LuuHai/Vaadin-Ecommerce-Starter)
2024-08-14 11:21:31 - Running with Spring Boot v3.2.8, Spring v6.1.11
2024-08-14 11:21:31 - No active profile set, falling back to 1 default profile: "default"
2024-08-14 11:21:42 - Started Application in 10.839 seconds (process running for 11.588)
2024-08-14 11:21:42 - Starting DemoDataRunner...
2024-08-14 11:21:43 - Demo data created successfully
2024-08-14 11:23:02 - Starting Application using Java 18.0.2 with PID 79764 (/media/DATA/PERSONAL/Java/PROJECT/LuuHai/Vaadin-Ecommerce-Starter/target/classes started by lcaohoanq in /media/DATA/PERSONAL/Java/PROJECT/LuuHai/Vaadin-Ecommerce-Starter)
2024-08-14 11:23:02 - Running with Spring Boot v3.2.8, Spring v6.1.11
2024-08-14 11:23:02 - No active profile set, falling back to 1 default profile: "default"
2024-08-14 11:23:08 - Started Application in 5.984 seconds (process running for 97.667)
2024-08-14 11:23:08 - Starting DemoDataRunner...
2024-08-14 11:23:08 - Error while creating demo data
org.hibernate.exception.SQLGrammarException: JDBC exception executing SQL [select r1_0.id,r1_0.name from roles r1_0 where r1_0.name=?] [Table 'mysql_starter.roles' doesn't exist] [n/a]
	at org.hibernate.exception.internal.SQLExceptionTypeDelegate.convert(SQLExceptionTypeDelegate.java:66)
	at org.hibernate.exception.internal.StandardSQLExceptionConverter.convert(StandardSQLExceptionConverter.java:58)
	at org.hibernate.engine.jdbc.spi.SqlExceptionHelper.convert(SqlExceptionHelper.java:108)
	at org.hibernate.engine.jdbc.spi.SqlExceptionHelper.convert(SqlExceptionHelper.java:94)
	at org.hibernate.sql.results.jdbc.internal.DeferredResultSetAccess.executeQuery(DeferredResultSetAccess.java:264)
	at org.hibernate.sql.results.jdbc.internal.DeferredResultSetAccess.getResultSet(DeferredResultSetAccess.java:167)
	at org.hibernate.sql.results.jdbc.internal.JdbcValuesResultSetImpl.advanceNext(JdbcValuesResultSetImpl.java:218)
	at org.hibernate.sql.results.jdbc.internal.JdbcValuesResultSetImpl.processNext(JdbcValuesResultSetImpl.java:98)
	at org.hibernate.sql.results.jdbc.internal.AbstractJdbcValues.next(AbstractJdbcValues.java:19)
	at org.hibernate.sql.results.internal.RowProcessingStateStandardImpl.next(RowProcessingStateStandardImpl.java:66)
	at org.hibernate.sql.results.spi.ListResultsConsumer.consume(ListResultsConsumer.java:202)
	at org.hibernate.sql.results.spi.ListResultsConsumer.consume(ListResultsConsumer.java:33)
	at org.hibernate.sql.exec.internal.JdbcSelectExecutorStandardImpl.doExecuteQuery(JdbcSelectExecutorStandardImpl.java:209)
	at org.hibernate.sql.exec.internal.JdbcSelectExecutorStandardImpl.executeQuery(JdbcSelectExecutorStandardImpl.java:83)
	at org.hibernate.sql.exec.spi.JdbcSelectExecutor.list(JdbcSelectExecutor.java:76)
	at org.hibernate.sql.exec.spi.JdbcSelectExecutor.list(JdbcSelectExecutor.java:65)
	at org.hibernate.query.sqm.internal.ConcreteSqmSelectQueryPlan.lambda$new$2(ConcreteSqmSelectQueryPlan.java:137)
	at org.hibernate.query.sqm.internal.ConcreteSqmSelectQueryPlan.withCacheableSqmInterpretation(ConcreteSqmSelectQueryPlan.java:381)
	at org.hibernate.query.sqm.internal.ConcreteSqmSelectQueryPlan.performList(ConcreteSqmSelectQueryPlan.java:303)
	at org.hibernate.query.sqm.internal.QuerySqmImpl.doList(QuerySqmImpl.java:509)
	at org.hibernate.query.spi.AbstractSelectionQuery.list(AbstractSelectionQuery.java:427)
	at org.hibernate.query.spi.AbstractSelectionQuery.getSingleResult(AbstractSelectionQuery.java:564)
	at java.base/jdk.internal.reflect.DirectMethodHandleAccessor.invoke(DirectMethodHandleAccessor.java:104)
	at java.base/java.lang.reflect.Method.invoke(Method.java:577)
	at org.springframework.orm.jpa.SharedEntityManagerCreator$DeferredQueryInvocationHandler.invoke(SharedEntityManagerCreator.java:418)
	at jdk.proxy5/jdk.proxy5.$Proxy216.getSingleResult(Unknown Source)
	at org.springframework.data.jpa.repository.query.JpaQueryExecution$SingleEntityExecution.doExecute(JpaQueryExecution.java:223)
	at org.springframework.data.jpa.repository.query.JpaQueryExecution.execute(JpaQueryExecution.java:92)
	at org.springframework.data.jpa.repository.query.AbstractJpaQuery.doExecute(AbstractJpaQuery.java:149)
	at org.springframework.data.jpa.repository.query.AbstractJpaQuery.execute(AbstractJpaQuery.java:137)
	at org.springframework.data.repository.core.support.RepositoryMethodInvoker.doInvoke(RepositoryMethodInvoker.java:170)
	at org.springframework.data.repository.core.support.RepositoryMethodInvoker.invoke(RepositoryMethodInvoker.java:158)
	at org.springframework.data.repository.core.support.QueryExecutorMethodInterceptor.doInvoke(QueryExecutorMethodInterceptor.java:164)
	at org.springframework.data.repository.core.support.QueryExecutorMethodInterceptor.invoke(QueryExecutorMethodInterceptor.java:143)
	at org.springframework.aop.framework.ReflectiveMethodInvocation.proceed(ReflectiveMethodInvocation.java:184)
	at org.springframework.data.projection.DefaultMethodInvokingMethodInterceptor.invoke(DefaultMethodInvokingMethodInterceptor.java:70)
	at org.springframework.aop.framework.ReflectiveMethodInvocation.proceed(ReflectiveMethodInvocation.java:184)
	at org.springframework.transaction.interceptor.TransactionAspectSupport.invokeWithinTransaction(TransactionAspectSupport.java:379)
	at org.springframework.transaction.interceptor.TransactionInterceptor.invoke(TransactionInterceptor.java:119)
	at org.springframework.aop.framework.ReflectiveMethodInvocation.proceed(ReflectiveMethodInvocation.java:184)
	at org.springframework.dao.support.PersistenceExceptionTranslationInterceptor.invoke(PersistenceExceptionTranslationInterceptor.java:138)
	at org.springframework.aop.framework.ReflectiveMethodInvocation.proceed(ReflectiveMethodInvocation.java:184)
	at org.springframework.data.jpa.repository.support.CrudMethodMetadataPostProcessor$CrudMethodMetadataPopulatingMethodInterceptor.invoke(CrudMethodMetadataPostProcessor.java:135)
	at org.springframework.aop.framework.ReflectiveMethodInvocation.proceed(ReflectiveMethodInvocation.java:184)
	at org.springframework.aop.interceptor.ExposeInvocationInterceptor.invoke(ExposeInvocationInterceptor.java:97)
	at org.springframework.aop.framework.ReflectiveMethodInvocation.proceed(ReflectiveMethodInvocation.java:184)
	at org.springframework.aop.framework.JdkDynamicAopProxy.invoke(JdkDynamicAopProxy.java:223)
	at jdk.proxy5/jdk.proxy5.$Proxy212.findByRoleName(Unknown Source)
	at com.lcaohoanq.listener.DemoDataRunner.getOrCreateRole(DemoDataRunner.java:40)
	at com.lcaohoanq.listener.DemoDataRunner.run(DemoDataRunner.java:85)
	at org.springframework.boot.SpringApplication.lambda$callRunner$5(SpringApplication.java:790)
	at org.springframework.util.function.ThrowingConsumer$1.acceptWithException(ThrowingConsumer.java:83)
	at org.springframework.util.function.ThrowingConsumer.accept(ThrowingConsumer.java:60)
	at org.springframework.util.function.ThrowingConsumer$1.accept(ThrowingConsumer.java:88)
	at org.springframework.boot.SpringApplication.callRunner(SpringApplication.java:798)
	at org.springframework.boot.SpringApplication.callRunner(SpringApplication.java:789)
	at org.springframework.boot.SpringApplication.lambda$callRunners$3(SpringApplication.java:774)
	at java.base/java.util.stream.ForEachOps$ForEachOp$OfRef.accept(ForEachOps.java:183)
	at java.base/java.util.stream.SortedOps$SizedRefSortingSink.end(SortedOps.java:357)
	at java.base/java.util.stream.AbstractPipeline.copyInto(AbstractPipeline.java:510)
	at java.base/java.util.stream.AbstractPipeline.wrapAndCopyInto(AbstractPipeline.java:499)
	at java.base/java.util.stream.ForEachOps$ForEachOp.evaluateSequential(ForEachOps.java:150)
	at java.base/java.util.stream.ForEachOps$ForEachOp$OfRef.evaluateSequential(ForEachOps.java:173)
	at java.base/java.util.stream.AbstractPipeline.evaluate(AbstractPipeline.java:234)
	at java.base/java.util.stream.ReferencePipeline.forEach(ReferencePipeline.java:596)
	at org.springframework.boot.SpringApplication.callRunners(SpringApplication.java:774)
	at org.springframework.boot.SpringApplication.run(SpringApplication.java:342)
	at org.springframework.boot.SpringApplication.run(SpringApplication.java:1363)
	at org.springframework.boot.SpringApplication.run(SpringApplication.java:1352)
	at com.lcaohoanq.Application.main(Application.java:29)
	at java.base/jdk.internal.reflect.DirectMethodHandleAccessor.invoke(DirectMethodHandleAccessor.java:104)
	at java.base/java.lang.reflect.Method.invoke(Method.java:577)
	at org.springframework.boot.devtools.restart.RestartLauncher.run(RestartLauncher.java:50)
Caused by: java.sql.SQLSyntaxErrorException: Table 'mysql_starter.roles' doesn't exist
	at com.mysql.cj.jdbc.exceptions.SQLError.createSQLException(SQLError.java:121)
	at com.mysql.cj.jdbc.exceptions.SQLExceptionsMapping.translateException(SQLExceptionsMapping.java:122)
	at com.mysql.cj.jdbc.ClientPreparedStatement.executeInternal(ClientPreparedStatement.java:912)
	at com.mysql.cj.jdbc.ClientPreparedStatement.executeQuery(ClientPreparedStatement.java:968)
	at com.zaxxer.hikari.pool.ProxyPreparedStatement.executeQuery(ProxyPreparedStatement.java:52)
	at com.zaxxer.hikari.pool.HikariProxyPreparedStatement.executeQuery(HikariProxyPreparedStatement.java)
	at org.hibernate.sql.results.jdbc.internal.DeferredResultSetAccess.executeQuery(DeferredResultSetAccess.java:246)
	... 68 common frames omitted
2024-08-14 11:23:08 - Starting Application using Java 18.0.2 with PID 79764 (/media/DATA/PERSONAL/Java/PROJECT/LuuHai/Vaadin-Ecommerce-Starter/target/classes started by lcaohoanq in /media/DATA/PERSONAL/Java/PROJECT/LuuHai/Vaadin-Ecommerce-Starter)
2024-08-14 11:23:08 - Running with Spring Boot v3.2.8, Spring v6.1.11
2024-08-14 11:23:08 - No active profile set, falling back to 1 default profile: "default"
2024-08-14 11:23:13 - Started Application in 5.238 seconds (process running for 103.147)
2024-08-14 11:23:13 - Starting DemoDataRunner...
2024-08-14 11:23:14 - Demo data created successfully
2024-08-14 11:24:05 - Starting Application using Java 18.0.2 with PID 80958 (/media/DATA/PERSONAL/Java/PROJECT/LuuHai/Vaadin-Ecommerce-Starter/target/classes started by lcaohoanq in /media/DATA/PERSONAL/Java/PROJECT/LuuHai/Vaadin-Ecommerce-Starter)
2024-08-14 11:24:05 - Running with Spring Boot v3.2.8, Spring v6.1.11
2024-08-14 11:24:05 - No active profile set, falling back to 1 default profile: "default"
2024-08-14 11:24:05 - Starting Application using Java 18.0.2 with PID 79764 (/media/DATA/PERSONAL/Java/PROJECT/LuuHai/Vaadin-Ecommerce-Starter/target/classes started by lcaohoanq in /media/DATA/PERSONAL/Java/PROJECT/LuuHai/Vaadin-Ecommerce-Starter)
2024-08-14 11:24:05 - Running with Spring Boot v3.2.8, Spring v6.1.11
2024-08-14 11:24:05 - No active profile set, falling back to 1 default profile: "default"
2024-08-14 11:24:11 - Started Application in 5.905 seconds (process running for 160.675)
2024-08-14 11:24:11 - Starting DemoDataRunner...
2024-08-14 11:24:11 - Error while creating demo data
org.springframework.dao.CannotAcquireLockException: could not execute statement [Deadlock found when trying to get lock; try restarting transaction] [insert into users (address,avatar_url,birthday,created_at,email,facebook_id,first_name,gender,google_id,last_name,password,phone,role_id,status_id,subscription,updated_at) values (?,?,?,?,?,?,?,?,?,?,?,?,?,?,?,?)]; SQL [insert into users (address,avatar_url,birthday,created_at,email,facebook_id,first_name,gender,google_id,last_name,password,phone,role_id,status_id,subscription,updated_at) values (?,?,?,?,?,?,?,?,?,?,?,?,?,?,?,?)]
	at org.springframework.orm.jpa.vendor.HibernateJpaDialect.convertHibernateAccessException(HibernateJpaDialect.java:283)
	at org.springframework.orm.jpa.vendor.HibernateJpaDialect.translateExceptionIfPossible(HibernateJpaDialect.java:244)
	at org.springframework.orm.jpa.AbstractEntityManagerFactoryBean.translateExceptionIfPossible(AbstractEntityManagerFactoryBean.java:550)
	at org.springframework.dao.support.ChainedPersistenceExceptionTranslator.translateExceptionIfPossible(ChainedPersistenceExceptionTranslator.java:61)
	at org.springframework.dao.support.DataAccessUtils.translateIfNecessary(DataAccessUtils.java:335)
	at org.springframework.dao.support.PersistenceExceptionTranslationInterceptor.invoke(PersistenceExceptionTranslationInterceptor.java:160)
	at org.springframework.aop.framework.ReflectiveMethodInvocation.proceed(ReflectiveMethodInvocation.java:184)
	at org.springframework.data.jpa.repository.support.CrudMethodMetadataPostProcessor$CrudMethodMetadataPopulatingMethodInterceptor.invoke(CrudMethodMetadataPostProcessor.java:164)
	at org.springframework.aop.framework.ReflectiveMethodInvocation.proceed(ReflectiveMethodInvocation.java:184)
	at org.springframework.aop.interceptor.ExposeInvocationInterceptor.invoke(ExposeInvocationInterceptor.java:97)
	at org.springframework.aop.framework.ReflectiveMethodInvocation.proceed(ReflectiveMethodInvocation.java:184)
	at org.springframework.aop.framework.JdkDynamicAopProxy.invoke(JdkDynamicAopProxy.java:223)
	at jdk.proxy7/jdk.proxy7.$Proxy232.save(Unknown Source)
	at com.lcaohoanq.listener.DemoDataRunner.lambda$getOrCreateUser$0(DemoDataRunner.java:63)
	at java.base/java.util.Optional.orElseGet(Optional.java:364)
	at com.lcaohoanq.listener.DemoDataRunner.getOrCreateUser(DemoDataRunner.java:58)
	at com.lcaohoanq.listener.DemoDataRunner.run(DemoDataRunner.java:95)
	at org.springframework.boot.SpringApplication.lambda$callRunner$5(SpringApplication.java:790)
	at org.springframework.util.function.ThrowingConsumer$1.acceptWithException(ThrowingConsumer.java:83)
	at org.springframework.util.function.ThrowingConsumer.accept(ThrowingConsumer.java:60)
	at org.springframework.util.function.ThrowingConsumer$1.accept(ThrowingConsumer.java:88)
	at org.springframework.boot.SpringApplication.callRunner(SpringApplication.java:798)
	at org.springframework.boot.SpringApplication.callRunner(SpringApplication.java:789)
	at org.springframework.boot.SpringApplication.lambda$callRunners$3(SpringApplication.java:774)
	at java.base/java.util.stream.ForEachOps$ForEachOp$OfRef.accept(ForEachOps.java:183)
	at java.base/java.util.stream.SortedOps$SizedRefSortingSink.end(SortedOps.java:357)
	at java.base/java.util.stream.AbstractPipeline.copyInto(AbstractPipeline.java:510)
	at java.base/java.util.stream.AbstractPipeline.wrapAndCopyInto(AbstractPipeline.java:499)
	at java.base/java.util.stream.ForEachOps$ForEachOp.evaluateSequential(ForEachOps.java:150)
	at java.base/java.util.stream.ForEachOps$ForEachOp$OfRef.evaluateSequential(ForEachOps.java:173)
	at java.base/java.util.stream.AbstractPipeline.evaluate(AbstractPipeline.java:234)
	at java.base/java.util.stream.ReferencePipeline.forEach(ReferencePipeline.java:596)
	at org.springframework.boot.SpringApplication.callRunners(SpringApplication.java:774)
	at org.springframework.boot.SpringApplication.run(SpringApplication.java:342)
	at org.springframework.boot.SpringApplication.run(SpringApplication.java:1363)
	at org.springframework.boot.SpringApplication.run(SpringApplication.java:1352)
	at com.lcaohoanq.Application.main(Application.java:29)
	at java.base/jdk.internal.reflect.DirectMethodHandleAccessor.invoke(DirectMethodHandleAccessor.java:104)
	at java.base/java.lang.reflect.Method.invoke(Method.java:577)
	at org.springframework.boot.devtools.restart.RestartLauncher.run(RestartLauncher.java:50)
Caused by: org.hibernate.exception.LockAcquisitionException: could not execute statement [Deadlock found when trying to get lock; try restarting transaction] [insert into users (address,avatar_url,birthday,created_at,email,facebook_id,first_name,gender,google_id,last_name,password,phone,role_id,status_id,subscription,updated_at) values (?,?,?,?,?,?,?,?,?,?,?,?,?,?,?,?)]
	at org.hibernate.dialect.MySQLDialect.lambda$buildSQLExceptionConversionDelegate$3(MySQLDialect.java:1212)
	at org.hibernate.exception.internal.StandardSQLExceptionConverter.convert(StandardSQLExceptionConverter.java:58)
	at org.hibernate.engine.jdbc.spi.SqlExceptionHelper.convert(SqlExceptionHelper.java:108)
	at org.hibernate.engine.jdbc.internal.ResultSetReturnImpl.executeUpdate(ResultSetReturnImpl.java:197)
	at org.hibernate.id.insert.GetGeneratedKeysDelegate.performInsert(GetGeneratedKeysDelegate.java:107)
	at org.hibernate.engine.jdbc.mutation.internal.MutationExecutorPostInsertSingleTable.execute(MutationExecutorPostInsertSingleTable.java:100)
	at org.hibernate.persister.entity.mutation.InsertCoordinator.doStaticInserts(InsertCoordinator.java:175)
	at org.hibernate.persister.entity.mutation.InsertCoordinator.coordinateInsert(InsertCoordinator.java:113)
	at org.hibernate.persister.entity.AbstractEntityPersister.insert(AbstractEntityPersister.java:2858)
	at org.hibernate.action.internal.EntityIdentityInsertAction.execute(EntityIdentityInsertAction.java:81)
	at org.hibernate.engine.spi.ActionQueue.execute(ActionQueue.java:670)
	at org.hibernate.engine.spi.ActionQueue.addResolvedEntityInsertAction(ActionQueue.java:291)
	at org.hibernate.engine.spi.ActionQueue.addInsertAction(ActionQueue.java:272)
	at org.hibernate.engine.spi.ActionQueue.addAction(ActionQueue.java:322)
	at org.hibernate.event.internal.AbstractSaveEventListener.addInsertAction(AbstractSaveEventListener.java:388)
	at org.hibernate.event.internal.AbstractSaveEventListener.performSaveOrReplicate(AbstractSaveEventListener.java:302)
	at org.hibernate.event.internal.AbstractSaveEventListener.performSave(AbstractSaveEventListener.java:221)
	at org.hibernate.event.internal.AbstractSaveEventListener.saveWithGeneratedId(AbstractSaveEventListener.java:135)
	at org.hibernate.event.internal.DefaultMergeEventListener.saveTransientEntity(DefaultMergeEventListener.java:377)
	at org.hibernate.event.internal.DefaultMergeEventListener.entityIsTransient(DefaultMergeEventListener.java:297)
	at org.hibernate.event.internal.DefaultMergeEventListener.entityIsDetached(DefaultMergeEventListener.java:417)
	at org.hibernate.event.internal.DefaultMergeEventListener.merge(DefaultMergeEventListener.java:208)
	at org.hibernate.event.internal.DefaultMergeEventListener.doMerge(DefaultMergeEventListener.java:146)
	at org.hibernate.event.internal.DefaultMergeEventListener.onMerge(DefaultMergeEventListener.java:130)
	at org.hibernate.event.internal.DefaultMergeEventListener.onMerge(DefaultMergeEventListener.java:84)
	at org.hibernate.event.service.internal.EventListenerGroupImpl.fireEventOnEachListener(EventListenerGroupImpl.java:127)
	at org.hibernate.internal.SessionImpl.fireMerge(SessionImpl.java:851)
	at org.hibernate.internal.SessionImpl.merge(SessionImpl.java:837)
	at java.base/jdk.internal.reflect.DirectMethodHandleAccessor.invoke(DirectMethodHandleAccessor.java:104)
	at java.base/java.lang.reflect.Method.invoke(Method.java:577)
	at org.springframework.orm.jpa.SharedEntityManagerCreator$SharedEntityManagerInvocationHandler.invoke(SharedEntityManagerCreator.java:319)
	at jdk.proxy7/jdk.proxy7.$Proxy230.merge(Unknown Source)
	at org.springframework.data.jpa.repository.support.SimpleJpaRepository.save(SimpleJpaRepository.java:622)
	at java.base/jdk.internal.reflect.DirectMethodHandleAccessor.invoke(DirectMethodHandleAccessor.java:104)
	at java.base/java.lang.reflect.Method.invoke(Method.java:577)
	at org.springframework.aop.support.AopUtils.invokeJoinpointUsingReflection(AopUtils.java:354)
	at org.springframework.data.repository.core.support.RepositoryMethodInvoker$RepositoryFragmentMethodInvoker.lambda$new$0(RepositoryMethodInvoker.java:277)
	at org.springframework.data.repository.core.support.RepositoryMethodInvoker.doInvoke(RepositoryMethodInvoker.java:170)
	at org.springframework.data.repository.core.support.RepositoryMethodInvoker.invoke(RepositoryMethodInvoker.java:158)
	at org.springframework.data.repository.core.support.RepositoryComposition$RepositoryFragments.invoke(RepositoryComposition.java:516)
	at org.springframework.data.repository.core.support.RepositoryComposition.invoke(RepositoryComposition.java:285)
	at org.springframework.data.repository.core.support.RepositoryFactorySupport$ImplementationMethodExecutionInterceptor.invoke(RepositoryFactorySupport.java:628)
	at org.springframework.aop.framework.ReflectiveMethodInvocation.proceed(ReflectiveMethodInvocation.java:184)
	at org.springframework.data.repository.core.support.QueryExecutorMethodInterceptor.doInvoke(QueryExecutorMethodInterceptor.java:168)
	at org.springframework.data.repository.core.support.QueryExecutorMethodInterceptor.invoke(QueryExecutorMethodInterceptor.java:143)
	at org.springframework.aop.framework.ReflectiveMethodInvocation.proceed(ReflectiveMethodInvocation.java:184)
	at org.springframework.data.projection.DefaultMethodInvokingMethodInterceptor.invoke(DefaultMethodInvokingMethodInterceptor.java:70)
	at org.springframework.aop.framework.ReflectiveMethodInvocation.proceed(ReflectiveMethodInvocation.java:184)
	at org.springframework.transaction.interceptor.TransactionAspectSupport.invokeWithinTransaction(TransactionAspectSupport.java:379)
	at org.springframework.transaction.interceptor.TransactionInterceptor.invoke(TransactionInterceptor.java:119)
	at org.springframework.aop.framework.ReflectiveMethodInvocation.proceed(ReflectiveMethodInvocation.java:184)
	at org.springframework.dao.support.PersistenceExceptionTranslationInterceptor.invoke(PersistenceExceptionTranslationInterceptor.java:138)
	... 34 common frames omitted
Caused by: com.mysql.cj.jdbc.exceptions.MySQLTransactionRollbackException: Deadlock found when trying to get lock; try restarting transaction
	at com.mysql.cj.jdbc.exceptions.SQLError.createSQLException(SQLError.java:124)
	at com.mysql.cj.jdbc.exceptions.SQLExceptionsMapping.translateException(SQLExceptionsMapping.java:122)
	at com.mysql.cj.jdbc.ClientPreparedStatement.executeInternal(ClientPreparedStatement.java:912)
	at com.mysql.cj.jdbc.ClientPreparedStatement.executeUpdateInternal(ClientPreparedStatement.java:1054)
	at com.mysql.cj.jdbc.ClientPreparedStatement.executeUpdateInternal(ClientPreparedStatement.java:1003)
	at com.mysql.cj.jdbc.ClientPreparedStatement.executeLargeUpdate(ClientPreparedStatement.java:1312)
	at com.mysql.cj.jdbc.ClientPreparedStatement.executeUpdate(ClientPreparedStatement.java:988)
	at com.zaxxer.hikari.pool.ProxyPreparedStatement.executeUpdate(ProxyPreparedStatement.java:61)
	at com.zaxxer.hikari.pool.HikariProxyPreparedStatement.executeUpdate(HikariProxyPreparedStatement.java)
	at org.hibernate.engine.jdbc.internal.ResultSetReturnImpl.executeUpdate(ResultSetReturnImpl.java:194)
	... 82 common frames omitted
2024-08-14 11:24:25 - Starting Application using Java 18.0.2 with PID 81256 (/media/DATA/PERSONAL/Java/PROJECT/LuuHai/Vaadin-Ecommerce-Starter/target/classes started by lcaohoanq in /media/DATA/PERSONAL/Java/PROJECT/LuuHai/Vaadin-Ecommerce-Starter)
2024-08-14 11:24:25 - Running with Spring Boot v3.2.8, Spring v6.1.11
2024-08-14 11:24:25 - No active profile set, falling back to 1 default profile: "default"
2024-08-14 11:24:34 - Started Application in 9.554 seconds (process running for 10.149)
2024-08-14 11:24:34 - Starting DemoDataRunner...
2024-08-14 11:24:35 - Demo data created successfully
2024-08-14 11:26:03 - Starting Application using Java 18.0.2 with PID 81256 (/media/DATA/PERSONAL/Java/PROJECT/LuuHai/Vaadin-Ecommerce-Starter/target/classes started by lcaohoanq in /media/DATA/PERSONAL/Java/PROJECT/LuuHai/Vaadin-Ecommerce-Starter)
2024-08-14 11:26:03 - Running with Spring Boot v3.2.8, Spring v6.1.11
2024-08-14 11:26:03 - No active profile set, falling back to 1 default profile: "default"
2024-08-14 11:26:08 - Started Application in 5.246 seconds (process running for 104.28)
2024-08-14 11:26:08 - Starting DemoDataRunner...
2024-08-14 11:26:08 - Error while creating demo data
org.hibernate.exception.SQLGrammarException: JDBC exception executing SQL [select r1_0.id,r1_0.name from roles r1_0 where r1_0.name=?] [Table 'mysql_starter.roles' doesn't exist] [n/a]
	at org.hibernate.exception.internal.SQLExceptionTypeDelegate.convert(SQLExceptionTypeDelegate.java:66)
	at org.hibernate.exception.internal.StandardSQLExceptionConverter.convert(StandardSQLExceptionConverter.java:58)
	at org.hibernate.engine.jdbc.spi.SqlExceptionHelper.convert(SqlExceptionHelper.java:108)
	at org.hibernate.engine.jdbc.spi.SqlExceptionHelper.convert(SqlExceptionHelper.java:94)
	at org.hibernate.sql.results.jdbc.internal.DeferredResultSetAccess.executeQuery(DeferredResultSetAccess.java:264)
	at org.hibernate.sql.results.jdbc.internal.DeferredResultSetAccess.getResultSet(DeferredResultSetAccess.java:167)
	at org.hibernate.sql.results.jdbc.internal.JdbcValuesResultSetImpl.advanceNext(JdbcValuesResultSetImpl.java:218)
	at org.hibernate.sql.results.jdbc.internal.JdbcValuesResultSetImpl.processNext(JdbcValuesResultSetImpl.java:98)
	at org.hibernate.sql.results.jdbc.internal.AbstractJdbcValues.next(AbstractJdbcValues.java:19)
	at org.hibernate.sql.results.internal.RowProcessingStateStandardImpl.next(RowProcessingStateStandardImpl.java:66)
	at org.hibernate.sql.results.spi.ListResultsConsumer.consume(ListResultsConsumer.java:202)
	at org.hibernate.sql.results.spi.ListResultsConsumer.consume(ListResultsConsumer.java:33)
	at org.hibernate.sql.exec.internal.JdbcSelectExecutorStandardImpl.doExecuteQuery(JdbcSelectExecutorStandardImpl.java:209)
	at org.hibernate.sql.exec.internal.JdbcSelectExecutorStandardImpl.executeQuery(JdbcSelectExecutorStandardImpl.java:83)
	at org.hibernate.sql.exec.spi.JdbcSelectExecutor.list(JdbcSelectExecutor.java:76)
	at org.hibernate.sql.exec.spi.JdbcSelectExecutor.list(JdbcSelectExecutor.java:65)
	at org.hibernate.query.sqm.internal.ConcreteSqmSelectQueryPlan.lambda$new$2(ConcreteSqmSelectQueryPlan.java:137)
	at org.hibernate.query.sqm.internal.ConcreteSqmSelectQueryPlan.withCacheableSqmInterpretation(ConcreteSqmSelectQueryPlan.java:381)
	at org.hibernate.query.sqm.internal.ConcreteSqmSelectQueryPlan.performList(ConcreteSqmSelectQueryPlan.java:303)
	at org.hibernate.query.sqm.internal.QuerySqmImpl.doList(QuerySqmImpl.java:509)
	at org.hibernate.query.spi.AbstractSelectionQuery.list(AbstractSelectionQuery.java:427)
	at org.hibernate.query.spi.AbstractSelectionQuery.getSingleResult(AbstractSelectionQuery.java:564)
	at java.base/jdk.internal.reflect.DirectMethodHandleAccessor.invoke(DirectMethodHandleAccessor.java:104)
	at java.base/java.lang.reflect.Method.invoke(Method.java:577)
	at org.springframework.orm.jpa.SharedEntityManagerCreator$DeferredQueryInvocationHandler.invoke(SharedEntityManagerCreator.java:418)
	at jdk.proxy5/jdk.proxy5.$Proxy215.getSingleResult(Unknown Source)
	at org.springframework.data.jpa.repository.query.JpaQueryExecution$SingleEntityExecution.doExecute(JpaQueryExecution.java:223)
	at org.springframework.data.jpa.repository.query.JpaQueryExecution.execute(JpaQueryExecution.java:92)
	at org.springframework.data.jpa.repository.query.AbstractJpaQuery.doExecute(AbstractJpaQuery.java:149)
	at org.springframework.data.jpa.repository.query.AbstractJpaQuery.execute(AbstractJpaQuery.java:137)
	at org.springframework.data.repository.core.support.RepositoryMethodInvoker.doInvoke(RepositoryMethodInvoker.java:170)
	at org.springframework.data.repository.core.support.RepositoryMethodInvoker.invoke(RepositoryMethodInvoker.java:158)
	at org.springframework.data.repository.core.support.QueryExecutorMethodInterceptor.doInvoke(QueryExecutorMethodInterceptor.java:164)
	at org.springframework.data.repository.core.support.QueryExecutorMethodInterceptor.invoke(QueryExecutorMethodInterceptor.java:143)
	at org.springframework.aop.framework.ReflectiveMethodInvocation.proceed(ReflectiveMethodInvocation.java:184)
	at org.springframework.data.projection.DefaultMethodInvokingMethodInterceptor.invoke(DefaultMethodInvokingMethodInterceptor.java:70)
	at org.springframework.aop.framework.ReflectiveMethodInvocation.proceed(ReflectiveMethodInvocation.java:184)
	at org.springframework.transaction.interceptor.TransactionAspectSupport.invokeWithinTransaction(TransactionAspectSupport.java:379)
	at org.springframework.transaction.interceptor.TransactionInterceptor.invoke(TransactionInterceptor.java:119)
	at org.springframework.aop.framework.ReflectiveMethodInvocation.proceed(ReflectiveMethodInvocation.java:184)
	at org.springframework.dao.support.PersistenceExceptionTranslationInterceptor.invoke(PersistenceExceptionTranslationInterceptor.java:138)
	at org.springframework.aop.framework.ReflectiveMethodInvocation.proceed(ReflectiveMethodInvocation.java:184)
	at org.springframework.data.jpa.repository.support.CrudMethodMetadataPostProcessor$CrudMethodMetadataPopulatingMethodInterceptor.invoke(CrudMethodMetadataPostProcessor.java:135)
	at org.springframework.aop.framework.ReflectiveMethodInvocation.proceed(ReflectiveMethodInvocation.java:184)
	at org.springframework.aop.interceptor.ExposeInvocationInterceptor.invoke(ExposeInvocationInterceptor.java:97)
	at org.springframework.aop.framework.ReflectiveMethodInvocation.proceed(ReflectiveMethodInvocation.java:184)
	at org.springframework.aop.framework.JdkDynamicAopProxy.invoke(JdkDynamicAopProxy.java:223)
	at jdk.proxy5/jdk.proxy5.$Proxy211.findByRoleName(Unknown Source)
	at com.lcaohoanq.listener.DemoDataRunner.getOrCreateRole(DemoDataRunner.java:40)
	at com.lcaohoanq.listener.DemoDataRunner.run(DemoDataRunner.java:87)
	at org.springframework.boot.SpringApplication.lambda$callRunner$5(SpringApplication.java:790)
	at org.springframework.util.function.ThrowingConsumer$1.acceptWithException(ThrowingConsumer.java:83)
	at org.springframework.util.function.ThrowingConsumer.accept(ThrowingConsumer.java:60)
	at org.springframework.util.function.ThrowingConsumer$1.accept(ThrowingConsumer.java:88)
	at org.springframework.boot.SpringApplication.callRunner(SpringApplication.java:798)
	at org.springframework.boot.SpringApplication.callRunner(SpringApplication.java:789)
	at org.springframework.boot.SpringApplication.lambda$callRunners$3(SpringApplication.java:774)
	at java.base/java.util.stream.ForEachOps$ForEachOp$OfRef.accept(ForEachOps.java:183)
	at java.base/java.util.stream.SortedOps$SizedRefSortingSink.end(SortedOps.java:357)
	at java.base/java.util.stream.AbstractPipeline.copyInto(AbstractPipeline.java:510)
	at java.base/java.util.stream.AbstractPipeline.wrapAndCopyInto(AbstractPipeline.java:499)
	at java.base/java.util.stream.ForEachOps$ForEachOp.evaluateSequential(ForEachOps.java:150)
	at java.base/java.util.stream.ForEachOps$ForEachOp$OfRef.evaluateSequential(ForEachOps.java:173)
	at java.base/java.util.stream.AbstractPipeline.evaluate(AbstractPipeline.java:234)
	at java.base/java.util.stream.ReferencePipeline.forEach(ReferencePipeline.java:596)
	at org.springframework.boot.SpringApplication.callRunners(SpringApplication.java:774)
	at org.springframework.boot.SpringApplication.run(SpringApplication.java:342)
	at org.springframework.boot.SpringApplication.run(SpringApplication.java:1363)
	at org.springframework.boot.SpringApplication.run(SpringApplication.java:1352)
	at com.lcaohoanq.Application.main(Application.java:29)
	at java.base/jdk.internal.reflect.DirectMethodHandleAccessor.invoke(DirectMethodHandleAccessor.java:104)
	at java.base/java.lang.reflect.Method.invoke(Method.java:577)
	at org.springframework.boot.devtools.restart.RestartLauncher.run(RestartLauncher.java:50)
Caused by: java.sql.SQLSyntaxErrorException: Table 'mysql_starter.roles' doesn't exist
	at com.mysql.cj.jdbc.exceptions.SQLError.createSQLException(SQLError.java:121)
	at com.mysql.cj.jdbc.exceptions.SQLExceptionsMapping.translateException(SQLExceptionsMapping.java:122)
	at com.mysql.cj.jdbc.ClientPreparedStatement.executeInternal(ClientPreparedStatement.java:912)
	at com.mysql.cj.jdbc.ClientPreparedStatement.executeQuery(ClientPreparedStatement.java:968)
	at com.zaxxer.hikari.pool.ProxyPreparedStatement.executeQuery(ProxyPreparedStatement.java:52)
	at com.zaxxer.hikari.pool.HikariProxyPreparedStatement.executeQuery(HikariProxyPreparedStatement.java)
	at org.hibernate.sql.results.jdbc.internal.DeferredResultSetAccess.executeQuery(DeferredResultSetAccess.java:246)
	... 68 common frames omitted
2024-08-14 11:26:09 - Starting Application using Java 18.0.2 with PID 81256 (/media/DATA/PERSONAL/Java/PROJECT/LuuHai/Vaadin-Ecommerce-Starter/target/classes started by lcaohoanq in /media/DATA/PERSONAL/Java/PROJECT/LuuHai/Vaadin-Ecommerce-Starter)
2024-08-14 11:26:09 - Running with Spring Boot v3.2.8, Spring v6.1.11
2024-08-14 11:26:09 - No active profile set, falling back to 1 default profile: "default"
2024-08-14 11:26:14 - Started Application in 5.383 seconds (process running for 110.104)
2024-08-14 11:26:14 - Starting DemoDataRunner...
2024-08-14 11:26:15 - Demo data created successfully
2024-08-14 11:27:10 - Starting Application using Java 18.0.2 with PID 81256 (/media/DATA/PERSONAL/Java/PROJECT/LuuHai/Vaadin-Ecommerce-Starter/target/classes started by lcaohoanq in /media/DATA/PERSONAL/Java/PROJECT/LuuHai/Vaadin-Ecommerce-Starter)
2024-08-14 11:27:10 - Running with Spring Boot v3.2.8, Spring v6.1.11
2024-08-14 11:27:10 - No active profile set, falling back to 1 default profile: "default"
2024-08-14 11:27:15 - Started Application in 5.677 seconds (process running for 171.613)
2024-08-14 11:27:15 - Starting DemoDataRunner...
2024-08-14 11:27:16 - Error while creating demo data
org.hibernate.exception.SQLGrammarException: JDBC exception executing SQL [select r1_0.id,r1_0.name from roles r1_0 where r1_0.name=?] [Table 'mysql_starter.roles' doesn't exist] [n/a]
	at org.hibernate.exception.internal.SQLExceptionTypeDelegate.convert(SQLExceptionTypeDelegate.java:66)
	at org.hibernate.exception.internal.StandardSQLExceptionConverter.convert(StandardSQLExceptionConverter.java:58)
	at org.hibernate.engine.jdbc.spi.SqlExceptionHelper.convert(SqlExceptionHelper.java:108)
	at org.hibernate.engine.jdbc.spi.SqlExceptionHelper.convert(SqlExceptionHelper.java:94)
	at org.hibernate.sql.results.jdbc.internal.DeferredResultSetAccess.executeQuery(DeferredResultSetAccess.java:264)
	at org.hibernate.sql.results.jdbc.internal.DeferredResultSetAccess.getResultSet(DeferredResultSetAccess.java:167)
	at org.hibernate.sql.results.jdbc.internal.JdbcValuesResultSetImpl.advanceNext(JdbcValuesResultSetImpl.java:218)
	at org.hibernate.sql.results.jdbc.internal.JdbcValuesResultSetImpl.processNext(JdbcValuesResultSetImpl.java:98)
	at org.hibernate.sql.results.jdbc.internal.AbstractJdbcValues.next(AbstractJdbcValues.java:19)
	at org.hibernate.sql.results.internal.RowProcessingStateStandardImpl.next(RowProcessingStateStandardImpl.java:66)
	at org.hibernate.sql.results.spi.ListResultsConsumer.consume(ListResultsConsumer.java:202)
	at org.hibernate.sql.results.spi.ListResultsConsumer.consume(ListResultsConsumer.java:33)
	at org.hibernate.sql.exec.internal.JdbcSelectExecutorStandardImpl.doExecuteQuery(JdbcSelectExecutorStandardImpl.java:209)
	at org.hibernate.sql.exec.internal.JdbcSelectExecutorStandardImpl.executeQuery(JdbcSelectExecutorStandardImpl.java:83)
	at org.hibernate.sql.exec.spi.JdbcSelectExecutor.list(JdbcSelectExecutor.java:76)
	at org.hibernate.sql.exec.spi.JdbcSelectExecutor.list(JdbcSelectExecutor.java:65)
	at org.hibernate.query.sqm.internal.ConcreteSqmSelectQueryPlan.lambda$new$2(ConcreteSqmSelectQueryPlan.java:137)
	at org.hibernate.query.sqm.internal.ConcreteSqmSelectQueryPlan.withCacheableSqmInterpretation(ConcreteSqmSelectQueryPlan.java:381)
	at org.hibernate.query.sqm.internal.ConcreteSqmSelectQueryPlan.performList(ConcreteSqmSelectQueryPlan.java:303)
	at org.hibernate.query.sqm.internal.QuerySqmImpl.doList(QuerySqmImpl.java:509)
	at org.hibernate.query.spi.AbstractSelectionQuery.list(AbstractSelectionQuery.java:427)
	at org.hibernate.query.spi.AbstractSelectionQuery.getSingleResult(AbstractSelectionQuery.java:564)
	at java.base/jdk.internal.reflect.DirectMethodHandleAccessor.invoke(DirectMethodHandleAccessor.java:104)
	at java.base/java.lang.reflect.Method.invoke(Method.java:577)
	at org.springframework.orm.jpa.SharedEntityManagerCreator$DeferredQueryInvocationHandler.invoke(SharedEntityManagerCreator.java:418)
	at jdk.proxy7/jdk.proxy7.$Proxy237.getSingleResult(Unknown Source)
	at org.springframework.data.jpa.repository.query.JpaQueryExecution$SingleEntityExecution.doExecute(JpaQueryExecution.java:223)
	at org.springframework.data.jpa.repository.query.JpaQueryExecution.execute(JpaQueryExecution.java:92)
	at org.springframework.data.jpa.repository.query.AbstractJpaQuery.doExecute(AbstractJpaQuery.java:149)
	at org.springframework.data.jpa.repository.query.AbstractJpaQuery.execute(AbstractJpaQuery.java:137)
	at org.springframework.data.repository.core.support.RepositoryMethodInvoker.doInvoke(RepositoryMethodInvoker.java:170)
	at org.springframework.data.repository.core.support.RepositoryMethodInvoker.invoke(RepositoryMethodInvoker.java:158)
	at org.springframework.data.repository.core.support.QueryExecutorMethodInterceptor.doInvoke(QueryExecutorMethodInterceptor.java:164)
	at org.springframework.data.repository.core.support.QueryExecutorMethodInterceptor.invoke(QueryExecutorMethodInterceptor.java:143)
	at org.springframework.aop.framework.ReflectiveMethodInvocation.proceed(ReflectiveMethodInvocation.java:184)
	at org.springframework.data.projection.DefaultMethodInvokingMethodInterceptor.invoke(DefaultMethodInvokingMethodInterceptor.java:70)
	at org.springframework.aop.framework.ReflectiveMethodInvocation.proceed(ReflectiveMethodInvocation.java:184)
	at org.springframework.transaction.interceptor.TransactionAspectSupport.invokeWithinTransaction(TransactionAspectSupport.java:379)
	at org.springframework.transaction.interceptor.TransactionInterceptor.invoke(TransactionInterceptor.java:119)
	at org.springframework.aop.framework.ReflectiveMethodInvocation.proceed(ReflectiveMethodInvocation.java:184)
	at org.springframework.dao.support.PersistenceExceptionTranslationInterceptor.invoke(PersistenceExceptionTranslationInterceptor.java:138)
	at org.springframework.aop.framework.ReflectiveMethodInvocation.proceed(ReflectiveMethodInvocation.java:184)
	at org.springframework.data.jpa.repository.support.CrudMethodMetadataPostProcessor$CrudMethodMetadataPopulatingMethodInterceptor.invoke(CrudMethodMetadataPostProcessor.java:135)
	at org.springframework.aop.framework.ReflectiveMethodInvocation.proceed(ReflectiveMethodInvocation.java:184)
	at org.springframework.aop.interceptor.ExposeInvocationInterceptor.invoke(ExposeInvocationInterceptor.java:97)
	at org.springframework.aop.framework.ReflectiveMethodInvocation.proceed(ReflectiveMethodInvocation.java:184)
	at org.springframework.aop.framework.JdkDynamicAopProxy.invoke(JdkDynamicAopProxy.java:223)
	at jdk.proxy7/jdk.proxy7.$Proxy233.findByRoleName(Unknown Source)
	at com.lcaohoanq.listener.DemoDataRunner.getOrCreateRole(DemoDataRunner.java:40)
	at com.lcaohoanq.listener.DemoDataRunner.run(DemoDataRunner.java:85)
	at org.springframework.boot.SpringApplication.lambda$callRunner$5(SpringApplication.java:790)
	at org.springframework.util.function.ThrowingConsumer$1.acceptWithException(ThrowingConsumer.java:83)
	at org.springframework.util.function.ThrowingConsumer.accept(ThrowingConsumer.java:60)
	at org.springframework.util.function.ThrowingConsumer$1.accept(ThrowingConsumer.java:88)
	at org.springframework.boot.SpringApplication.callRunner(SpringApplication.java:798)
	at org.springframework.boot.SpringApplication.callRunner(SpringApplication.java:789)
	at org.springframework.boot.SpringApplication.lambda$callRunners$3(SpringApplication.java:774)
	at java.base/java.util.stream.ForEachOps$ForEachOp$OfRef.accept(ForEachOps.java:183)
	at java.base/java.util.stream.SortedOps$SizedRefSortingSink.end(SortedOps.java:357)
	at java.base/java.util.stream.AbstractPipeline.copyInto(AbstractPipeline.java:510)
	at java.base/java.util.stream.AbstractPipeline.wrapAndCopyInto(AbstractPipeline.java:499)
	at java.base/java.util.stream.ForEachOps$ForEachOp.evaluateSequential(ForEachOps.java:150)
	at java.base/java.util.stream.ForEachOps$ForEachOp$OfRef.evaluateSequential(ForEachOps.java:173)
	at java.base/java.util.stream.AbstractPipeline.evaluate(AbstractPipeline.java:234)
	at java.base/java.util.stream.ReferencePipeline.forEach(ReferencePipeline.java:596)
	at org.springframework.boot.SpringApplication.callRunners(SpringApplication.java:774)
	at org.springframework.boot.SpringApplication.run(SpringApplication.java:342)
	at org.springframework.boot.SpringApplication.run(SpringApplication.java:1363)
	at org.springframework.boot.SpringApplication.run(SpringApplication.java:1352)
	at com.lcaohoanq.Application.main(Application.java:29)
	at java.base/jdk.internal.reflect.DirectMethodHandleAccessor.invoke(DirectMethodHandleAccessor.java:104)
	at java.base/java.lang.reflect.Method.invoke(Method.java:577)
	at org.springframework.boot.devtools.restart.RestartLauncher.run(RestartLauncher.java:50)
Caused by: java.sql.SQLSyntaxErrorException: Table 'mysql_starter.roles' doesn't exist
	at com.mysql.cj.jdbc.exceptions.SQLError.createSQLException(SQLError.java:121)
	at com.mysql.cj.jdbc.exceptions.SQLExceptionsMapping.translateException(SQLExceptionsMapping.java:122)
	at com.mysql.cj.jdbc.ClientPreparedStatement.executeInternal(ClientPreparedStatement.java:912)
	at com.mysql.cj.jdbc.ClientPreparedStatement.executeQuery(ClientPreparedStatement.java:968)
	at com.zaxxer.hikari.pool.ProxyPreparedStatement.executeQuery(ProxyPreparedStatement.java:52)
	at com.zaxxer.hikari.pool.HikariProxyPreparedStatement.executeQuery(HikariProxyPreparedStatement.java)
	at org.hibernate.sql.results.jdbc.internal.DeferredResultSetAccess.executeQuery(DeferredResultSetAccess.java:246)
	... 68 common frames omitted
2024-08-14 11:27:16 - Starting Application using Java 18.0.2 with PID 81256 (/media/DATA/PERSONAL/Java/PROJECT/LuuHai/Vaadin-Ecommerce-Starter/target/classes started by lcaohoanq in /media/DATA/PERSONAL/Java/PROJECT/LuuHai/Vaadin-Ecommerce-Starter)
2024-08-14 11:27:16 - Running with Spring Boot v3.2.8, Spring v6.1.11
2024-08-14 11:27:16 - No active profile set, falling back to 1 default profile: "default"
2024-08-14 11:27:21 - Started Application in 5.539 seconds (process running for 177.428)
2024-08-14 11:27:21 - Starting DemoDataRunner...
2024-08-14 11:27:23 - Demo data created successfully
2024-08-14 11:27:54 - Starting Application using Java 18.0.2 with PID 83371 (/media/DATA/PERSONAL/Java/PROJECT/LuuHai/Vaadin-Ecommerce-Starter/target/classes started by lcaohoanq in /media/DATA/PERSONAL/Java/PROJECT/LuuHai/Vaadin-Ecommerce-Starter)
2024-08-14 11:27:54 - Running with Spring Boot v3.2.8, Spring v6.1.11
2024-08-14 11:27:54 - No active profile set, falling back to 1 default profile: "default"
2024-08-14 11:28:04 - Started Application in 10.086 seconds (process running for 10.702)
2024-08-14 11:28:04 - Starting DemoDataRunner...
2024-08-14 11:28:05 - Demo data created successfully
2024-08-14 11:28:44 - Starting Application using Java 18.0.2 with PID 83371 (/media/DATA/PERSONAL/Java/PROJECT/LuuHai/Vaadin-Ecommerce-Starter/target/classes started by lcaohoanq in /media/DATA/PERSONAL/Java/PROJECT/LuuHai/Vaadin-Ecommerce-Starter)
2024-08-14 11:28:44 - Running with Spring Boot v3.2.8, Spring v6.1.11
2024-08-14 11:28:44 - No active profile set, falling back to 1 default profile: "default"
2024-08-14 11:28:47 - Starting Application using Java 18.0.2 with PID 83371 (/media/DATA/PERSONAL/Java/PROJECT/LuuHai/Vaadin-Ecommerce-Starter/target/classes started by lcaohoanq in /media/DATA/PERSONAL/Java/PROJECT/LuuHai/Vaadin-Ecommerce-Starter)
2024-08-14 11:28:47 - Running with Spring Boot v3.2.8, Spring v6.1.11
2024-08-14 11:28:47 - No active profile set, falling back to 1 default profile: "default"
2024-08-14 11:28:52 - Started Application in 5.457 seconds (process running for 59.182)
2024-08-14 11:28:52 - Starting DemoDataRunner...
2024-08-14 11:28:53 - Demo data created successfully
2024-08-14 14:22:30 - Starting Application using Java 18.0.2 with PID 5768 (/media/DATA/PERSONAL/Java/PROJECT/LuuHai/Vaadin-Ecommerce-Starter/target/classes started by lcaohoanq in /media/DATA/PERSONAL/Java/PROJECT/LuuHai/Vaadin-Ecommerce-Starter)
2024-08-14 14:22:30 - Running with Spring Boot v3.2.8, Spring v6.1.11
2024-08-14 14:22:30 - No active profile set, falling back to 1 default profile: "default"
2024-08-14 14:23:51 - Starting Application using Java 18.0.2 with PID 7607 (/media/DATA/PERSONAL/Java/PROJECT/LuuHai/Vaadin-Ecommerce-Starter/target/classes started by lcaohoanq in /media/DATA/PERSONAL/Java/PROJECT/LuuHai/Vaadin-Ecommerce-Starter)
2024-08-14 14:23:51 - Running with Spring Boot v3.2.8, Spring v6.1.11
2024-08-14 14:23:51 - No active profile set, falling back to 1 default profile: "default"
2024-08-14 14:24:02 - Started Application in 11.115 seconds (process running for 11.801)
2024-08-14 14:24:02 - Starting DemoDataRunner...
2024-08-14 14:24:03 - Demo data created successfully
